<?xml version="1.0" encoding="UTF-8"?>
<testsuite xmlns:xsi="http://www.w3.org/2001/XMLSchema-instance" xsi:noNamespaceSchemaLocation="https://maven.apache.org/surefire/maven-surefire-plugin/xsd/surefire-test-report.xsd" name="TestSuite" time="15.477" tests="11" errors="0" skipped="0" failures="0">
  <properties>
[...]
</properties>
  <testcase name="Employee_01_Add_New_Employee" classname="com.bankguru.payment.Level_21_Multiple_Enviroment" time="0.079"/>
  <testcase name="Employee_02_Upload_Avatar" classname="com.bankguru.payment.Level_21_Multiple_Enviroment" time="0.004"/>
  <testcase name="Employee_03_Personal_Details" classname="com.bankguru.payment.Level_21_Multiple_Enviroment" time="0.001"/>
  <testcase name="Employee_04_Contact_Details" classname="com.bankguru.payment.Level_21_Multiple_Enviroment" time="0"/>
  <testcase name="Employee_05_Emergency_Contacts" classname="com.bankguru.payment.Level_21_Multiple_Enviroment" time="0.003"/>
  <testcase name="Employee_06_Assigned_Dependents" classname="com.bankguru.payment.Level_21_Multiple_Enviroment" time="0.009"/>
  <testcase name="Employee_07_Edit_View_Job" classname="com.bankguru.payment.Level_21_Multiple_Enviroment" time="0"/>
  <testcase name="Employee_08_Edit_View_Salary" classname="com.bankguru.payment.Level_21_Multiple_Enviroment" time="0.001"/>
  <testcase name="Employee_09_Edit_View_Tax" classname="com.bankguru.payment.Level_21_Multiple_Enviroment" time="0.003"/>
  <testcase name="Employee_10_Qualifications" classname="com.bankguru.payment.Level_21_Multiple_Enviroment" time="0.004"/>
  <testcase name="Employee_11_Search_Employee" classname="com.bankguru.payment.Level_21_Multiple_Enviroment" time="0.002"/>
</testsuite>