<?xml version="1.0" encoding="UTF-8"?>
<testng-results skipped="0" failed="0" ignored="0" total="1" passed="1">
  <reporter-output>
    <line>
      <![CDATA[[INFO ] [2021-12-14 12:47:49,211] Pre-Condition - Step 01: Open browser 'firefox' and navigate to 'https://opensource-demo.orangehrmlive.com'
<br>]]>
    </line>
    <line>
      <![CDATA[[INFO ] [2021-12-14 12:47:58,781] Pre-Condition - Step 02: Login with Admin role
<br>]]>
    </line>
    <line>
      <![CDATA[[INFO ] [2021-12-14 12:48:01,769] Add_New_01 - Step 01: Open 'Employee List' page
<br>]]>
    </line>
    <line>
      <![CDATA[[INFO ] [2021-12-14 12:48:04,463] Add_New_01 - Step 02: Click to 'Add' button
<br>]]>
    </line>
    <line>
      <![CDATA[[INFO ] [2021-12-14 12:48:05,778] Add_New_01 - Step 03: Enter valid info to 'First Name' textbox with value: Misty
<br>]]>
    </line>
    <line>
      <![CDATA[[INFO ] [2021-12-14 12:48:05,883] Add_New_01 - Step 04: Enter valid info to 'Last Name' textbox with value: Abbott
<br>]]>
    </line>
    <line>
      <![CDATA[[INFO ] [2021-12-14 12:48:05,994] Add_New_01 - Step 05: Get value of 'Employee ID'
<br>]]>
    </line>
    <line>
      <![CDATA[[INFO ] [2021-12-14 12:48:06,049] Add_New_01 - Step 06: Click to 'Create Login Details' checkbox
<br>]]>
    </line>
    <line>
      <![CDATA[[INFO ] [2021-12-14 12:48:06,350] Add_New_01 - Step 07: Enter valid info to 'User Name' textbox with value: mervin.will
<br>]]>
    </line>
    <line>
      <![CDATA[[INFO ] [2021-12-14 12:48:06,438] Add_New_01 - Step 08: Enter valid info to 'Password' textbox with value: wvnwxvaz9nk0kaq
<br>]]>
    </line>
    <line>
      <![CDATA[[INFO ] [2021-12-14 12:48:06,532] Add_New_01 - Step 09: Enter valid info to 'Confirm Password' textbox with value: wvnwxvaz9nk0kaq
<br>]]>
    </line>
    <line>
      <![CDATA[[INFO ] [2021-12-14 12:48:06,614] Add_New_01 - Step 10: Select 'Enabled' value in 'Status' dropdown
<br>]]>
    </line>
    <line>
      <![CDATA[[INFO ] [2021-12-14 12:48:06,701] Add_New_01 - Step 11: Click to 'Save' button
<br>]]>
    </line>
    <line>
      <![CDATA[[INFO ] [2021-12-14 12:48:08,933] Add_New_01 - Step 12: Open 'Employee List' page
<br>]]>
    </line>
    <line>
      <![CDATA[[INFO ] [2021-12-14 12:48:10,658] Add_New_01 - Step 13: Enter valid info to 'Employee Name' textbox with value: Misty Abbott
<br>]]>
    </line>
    <line>
      <![CDATA[[INFO ] [2021-12-14 12:48:11,196]  -------------------------- PASSED -------------------------- 
<br>]]>
    </line>
    <line>
      <![CDATA[[INFO ] [2021-12-14 12:48:11,286]  -------------------------- PASSED -------------------------- 
<br>]]>
    </line>
    <line>
      <![CDATA[[INFO ] [2021-12-14 12:48:11,286] Add_New_01 - Step 14: Click 'Search' button
<br>]]>
    </line>
    <line>
      <![CDATA[[INFO ] [2021-12-14 12:48:11,810] Add_New_01 - Step 15: Verify Employee Information is displayed at 'Result Table'
<br>]]>
    </line>
    <line>
      <![CDATA[[INFO ] [2021-12-14 12:48:11,940]  -------------------------- PASSED -------------------------- 
<br>]]>
    </line>
    <line>
      <![CDATA[[INFO ] [2021-12-14 12:48:12,004]  -------------------------- PASSED -------------------------- 
<br>]]>
    </line>
    <line>
      <![CDATA[[INFO ] [2021-12-14 12:48:12,096]  -------------------------- PASSED -------------------------- 
<br>]]>
    </line>
    <line>
      <![CDATA[[INFO ] [2021-12-14 12:48:12,312] Post-Condition: Close browser 'firefox'
<br>]]>
    </line>
    <line>
      <![CDATA[[INFO ] [2021-12-14 12:48:12,313] OS name = mac os x
<br>]]>
    </line>
    <line>
      <![CDATA[[INFO ] [2021-12-14 12:48:12,313] Driver instance name = mac os x
<br>]]>
    </line>
  </reporter-output>
  <suite name="HRM" duration-ms="24434" started-at="2021-12-14T03:47:49Z" finished-at="2021-12-14T03:48:13Z">
    <groups>
    </groups>
    <test name="Run on FIREFOX" duration-ms="24434" started-at="2021-12-14T03:47:49Z" finished-at="2021-12-14T03:48:13Z">
      <class name="com.hrm.employee.Level_16_Multi_Browsers">
        <test-method status="PASS" signature="deleteAllFilesInAllureJson()[pri:0, instance:com.hrm.employee.Level_16_Multi_Browsers@610db97e]" name="deleteAllFilesInAllureJson" is-config="true" duration-ms="53" started-at="2021-12-14T03:47:49Z" finished-at="2021-12-14T03:47:49Z">
          <reporter-output>
          </reporter-output>
        </test-method> <!-- deleteAllFilesInAllureJson -->
        <test-method status="PASS" signature="beforeClass(java.lang.String, java.lang.String)[pri:0, instance:com.hrm.employee.Level_16_Multi_Browsers@610db97e]" name="beforeClass" is-config="true" duration-ms="12361" started-at="2021-12-14T03:47:49Z" finished-at="2021-12-14T03:48:01Z">
          <params>
            <param index="0">
              <value>
                <![CDATA[firefox]]>
              </value>
            </param>
            <param index="1">
              <value>
                <![CDATA[https://opensource-demo.orangehrmlive.com]]>
              </value>
            </param>
          </params>
          <reporter-output>
            <line>
              <![CDATA[[INFO ] [2021-12-14 12:47:49,211] Pre-Condition - Step 01: Open browser 'firefox' and navigate to 'https://opensource-demo.orangehrmlive.com'
<br>]]>
            </line>
            <line>
              <![CDATA[[INFO ] [2021-12-14 12:47:58,781] Pre-Condition - Step 02: Login with Admin role
<br>]]>
            </line>
          </reporter-output>
        </test-method> <!-- beforeClass -->
        <test-method status="PASS" signature="Employee_01_Add_New_Employee()[pri:0, instance:com.hrm.employee.Level_16_Multi_Browsers@610db97e]" name="Employee_01_Add_New_Employee" duration-ms="10513" started-at="2021-12-14T03:48:01Z" finished-at="2021-12-14T03:48:12Z">
          <reporter-output>
            <line>
              <![CDATA[[INFO ] [2021-12-14 12:48:01,769] Add_New_01 - Step 01: Open 'Employee List' page
<br>]]>
            </line>
            <line>
              <![CDATA[[INFO ] [2021-12-14 12:48:04,463] Add_New_01 - Step 02: Click to 'Add' button
<br>]]>
            </line>
            <line>
              <![CDATA[[INFO ] [2021-12-14 12:48:05,778] Add_New_01 - Step 03: Enter valid info to 'First Name' textbox with value: Misty
<br>]]>
            </line>
            <line>
              <![CDATA[[INFO ] [2021-12-14 12:48:05,883] Add_New_01 - Step 04: Enter valid info to 'Last Name' textbox with value: Abbott
<br>]]>
            </line>
            <line>
              <![CDATA[[INFO ] [2021-12-14 12:48:05,994] Add_New_01 - Step 05: Get value of 'Employee ID'
<br>]]>
            </line>
            <line>
              <![CDATA[[INFO ] [2021-12-14 12:48:06,049] Add_New_01 - Step 06: Click to 'Create Login Details' checkbox
<br>]]>
            </line>
            <line>
              <![CDATA[[INFO ] [2021-12-14 12:48:06,350] Add_New_01 - Step 07: Enter valid info to 'User Name' textbox with value: mervin.will
<br>]]>
            </line>
            <line>
              <![CDATA[[INFO ] [2021-12-14 12:48:06,438] Add_New_01 - Step 08: Enter valid info to 'Password' textbox with value: wvnwxvaz9nk0kaq
<br>]]>
            </line>
            <line>
              <![CDATA[[INFO ] [2021-12-14 12:48:06,532] Add_New_01 - Step 09: Enter valid info to 'Confirm Password' textbox with value: wvnwxvaz9nk0kaq
<br>]]>
            </line>
            <line>
              <![CDATA[[INFO ] [2021-12-14 12:48:06,614] Add_New_01 - Step 10: Select 'Enabled' value in 'Status' dropdown
<br>]]>
            </line>
            <line>
              <![CDATA[[INFO ] [2021-12-14 12:48:06,701] Add_New_01 - Step 11: Click to 'Save' button
<br>]]>
            </line>
            <line>
              <![CDATA[[INFO ] [2021-12-14 12:48:08,933] Add_New_01 - Step 12: Open 'Employee List' page
<br>]]>
            </line>
            <line>
              <![CDATA[[INFO ] [2021-12-14 12:48:10,658] Add_New_01 - Step 13: Enter valid info to 'Employee Name' textbox with value: Misty Abbott
<br>]]>
            </line>
            <line>
              <![CDATA[[INFO ] [2021-12-14 12:48:11,196]  -------------------------- PASSED -------------------------- 
<br>]]>
            </line>
            <line>
              <![CDATA[[INFO ] [2021-12-14 12:48:11,286]  -------------------------- PASSED -------------------------- 
<br>]]>
            </line>
            <line>
              <![CDATA[[INFO ] [2021-12-14 12:48:11,286] Add_New_01 - Step 14: Click 'Search' button
<br>]]>
            </line>
            <line>
              <![CDATA[[INFO ] [2021-12-14 12:48:11,810] Add_New_01 - Step 15: Verify Employee Information is displayed at 'Result Table'
<br>]]>
            </line>
            <line>
              <![CDATA[[INFO ] [2021-12-14 12:48:11,940]  -------------------------- PASSED -------------------------- 
<br>]]>
            </line>
            <line>
              <![CDATA[[INFO ] [2021-12-14 12:48:12,004]  -------------------------- PASSED -------------------------- 
<br>]]>
            </line>
            <line>
              <![CDATA[[INFO ] [2021-12-14 12:48:12,096]  -------------------------- PASSED -------------------------- 
<br>]]>
            </line>
          </reporter-output>
        </test-method> <!-- Employee_01_Add_New_Employee -->
        <test-method status="PASS" signature="cleanBrowser(java.lang.String)[pri:0, instance:com.hrm.employee.Level_16_Multi_Browsers@610db97e]" name="cleanBrowser" is-config="true" duration-ms="1222" started-at="2021-12-14T03:48:12Z" finished-at="2021-12-14T03:48:13Z">
          <params>
            <param index="0">
              <value>
                <![CDATA[firefox]]>
              </value>
            </param>
          </params>
          <reporter-output>
            <line>
              <![CDATA[[INFO ] [2021-12-14 12:48:12,312] Post-Condition: Close browser 'firefox'
<br>]]>
            </line>
            <line>
              <![CDATA[[INFO ] [2021-12-14 12:48:12,313] OS name = mac os x
<br>]]>
            </line>
            <line>
              <![CDATA[[INFO ] [2021-12-14 12:48:12,313] Driver instance name = mac os x
<br>]]>
            </line>
          </reporter-output>
        </test-method> <!-- cleanBrowser -->
      </class> <!-- com.hrm.employee.Level_16_Multi_Browsers -->
    </test> <!-- Run on FIREFOX -->
  </suite> <!-- HRM -->
</testng-results>
