<?xml version="1.0" encoding="UTF-8"?>
<testng-results skipped="0" failed="0" ignored="0" total="11" passed="11">
  <reporter-output>
  </reporter-output>
  <suite name="Bank Guru" duration-ms="10629" started-at="2021-12-14T09:12:56Z" finished-at="2021-12-14T09:13:07Z">
    <groups>
    </groups>
    <test name="Run on FIREFOX" duration-ms="10629" started-at="2021-12-14T09:12:56Z" finished-at="2021-12-14T09:13:07Z">
      <class name="com.bankguru.payment.Level_21_Multiple_Enviroment">
        <test-method status="PASS" signature="deleteAllFilesInAllureJson()[pri:0, instance:com.bankguru.payment.Level_21_Multiple_Enviroment@4ced35ed]" name="deleteAllFilesInAllureJson" is-config="true" duration-ms="47" started-at="2021-12-14T09:12:56Z" finished-at="2021-12-14T09:12:56Z">
          <reporter-output>
          </reporter-output>
        </test-method> <!-- deleteAllFilesInAllureJson -->
        <test-method status="PASS" signature="beforeClass(java.lang.String)[pri:0, instance:com.bankguru.payment.Level_21_Multiple_Enviroment@4ced35ed]" name="beforeClass" is-config="true" duration-ms="8800" started-at="2021-12-14T09:12:56Z" finished-at="2021-12-14T09:13:05Z">
          <params>
            <param index="0">
              <value>
                <![CDATA[firefox]]>
              </value>
            </param>
          </params>
          <reporter-output>
          </reporter-output>
        </test-method> <!-- beforeClass -->
        <test-method status="PASS" signature="Employee_01_Add_New_Employee()[pri:0, instance:com.bankguru.payment.Level_21_Multiple_Enviroment@4ced35ed]" name="Employee_01_Add_New_Employee" duration-ms="83" started-at="2021-12-14T09:13:05Z" finished-at="2021-12-14T09:13:05Z">
          <reporter-output>
          </reporter-output>
        </test-method> <!-- Employee_01_Add_New_Employee -->
        <test-method status="PASS" signature="Employee_02_Upload_Avatar()[pri:0, instance:com.bankguru.payment.Level_21_Multiple_Enviroment@4ced35ed]" name="Employee_02_Upload_Avatar" duration-ms="3" started-at="2021-12-14T09:13:05Z" finished-at="2021-12-14T09:13:05Z">
          <reporter-output>
          </reporter-output>
        </test-method> <!-- Employee_02_Upload_Avatar -->
        <test-method status="PASS" signature="Employee_03_Personal_Details()[pri:0, instance:com.bankguru.payment.Level_21_Multiple_Enviroment@4ced35ed]" name="Employee_03_Personal_Details" duration-ms="3" started-at="2021-12-14T09:13:05Z" finished-at="2021-12-14T09:13:05Z">
          <reporter-output>
          </reporter-output>
        </test-method> <!-- Employee_03_Personal_Details -->
        <test-method status="PASS" signature="Employee_04_Contact_Details()[pri:0, instance:com.bankguru.payment.Level_21_Multiple_Enviroment@4ced35ed]" name="Employee_04_Contact_Details" duration-ms="4" started-at="2021-12-14T09:13:05Z" finished-at="2021-12-14T09:13:05Z">
          <reporter-output>
          </reporter-output>
        </test-method> <!-- Employee_04_Contact_Details -->
        <test-method status="PASS" signature="Employee_05_Emergency_Contacts()[pri:0, instance:com.bankguru.payment.Level_21_Multiple_Enviroment@4ced35ed]" name="Employee_05_Emergency_Contacts" duration-ms="2" started-at="2021-12-14T09:13:05Z" finished-at="2021-12-14T09:13:05Z">
          <reporter-output>
          </reporter-output>
        </test-method> <!-- Employee_05_Emergency_Contacts -->
        <test-method status="PASS" signature="Employee_06_Assigned_Dependents()[pri:0, instance:com.bankguru.payment.Level_21_Multiple_Enviroment@4ced35ed]" name="Employee_06_Assigned_Dependents" duration-ms="3" started-at="2021-12-14T09:13:05Z" finished-at="2021-12-14T09:13:05Z">
          <reporter-output>
          </reporter-output>
        </test-method> <!-- Employee_06_Assigned_Dependents -->
        <test-method status="PASS" signature="Employee_07_Edit_View_Job()[pri:0, instance:com.bankguru.payment.Level_21_Multiple_Enviroment@4ced35ed]" name="Employee_07_Edit_View_Job" duration-ms="2" started-at="2021-12-14T09:13:05Z" finished-at="2021-12-14T09:13:05Z">
          <reporter-output>
          </reporter-output>
        </test-method> <!-- Employee_07_Edit_View_Job -->
        <test-method status="PASS" signature="Employee_08_Edit_View_Salary()[pri:0, instance:com.bankguru.payment.Level_21_Multiple_Enviroment@4ced35ed]" name="Employee_08_Edit_View_Salary" duration-ms="2" started-at="2021-12-14T09:13:05Z" finished-at="2021-12-14T09:13:05Z">
          <reporter-output>
          </reporter-output>
        </test-method> <!-- Employee_08_Edit_View_Salary -->
        <test-method status="PASS" signature="Employee_09_Edit_View_Tax()[pri:0, instance:com.bankguru.payment.Level_21_Multiple_Enviroment@4ced35ed]" name="Employee_09_Edit_View_Tax" duration-ms="3" started-at="2021-12-14T09:13:05Z" finished-at="2021-12-14T09:13:05Z">
          <reporter-output>
          </reporter-output>
        </test-method> <!-- Employee_09_Edit_View_Tax -->
        <test-method status="PASS" signature="Employee_10_Qualifications()[pri:0, instance:com.bankguru.payment.Level_21_Multiple_Enviroment@4ced35ed]" name="Employee_10_Qualifications" duration-ms="2" started-at="2021-12-14T09:13:05Z" finished-at="2021-12-14T09:13:05Z">
          <reporter-output>
          </reporter-output>
        </test-method> <!-- Employee_10_Qualifications -->
        <test-method status="PASS" signature="Employee_11_Search_Employee()[pri:0, instance:com.bankguru.payment.Level_21_Multiple_Enviroment@4ced35ed]" name="Employee_11_Search_Employee" duration-ms="2" started-at="2021-12-14T09:13:05Z" finished-at="2021-12-14T09:13:05Z">
          <reporter-output>
          </reporter-output>
        </test-method> <!-- Employee_11_Search_Employee -->
        <test-method status="PASS" signature="cleanBrowser(java.lang.String)[pri:0, instance:com.bankguru.payment.Level_21_Multiple_Enviroment@4ced35ed]" name="cleanBrowser" is-config="true" duration-ms="1285" started-at="2021-12-14T09:13:05Z" finished-at="2021-12-14T09:13:07Z">
          <params>
            <param index="0">
              <value>
                <![CDATA[firefox]]>
              </value>
            </param>
          </params>
          <reporter-output>
          </reporter-output>
        </test-method> <!-- cleanBrowser -->
      </class> <!-- com.bankguru.payment.Level_21_Multiple_Enviroment -->
    </test> <!-- Run on FIREFOX -->
  </suite> <!-- Bank Guru -->
</testng-results>
